Test of RcppArmadillo had 442 successes, 3 failures, and 13 skipped packages. 
Ran from 2018-03-27 22:20:39.02 to 2018-03-28 01:21:12.06 for 3.009 hours 
Average of 23.653 secs relative to 140.329 secs using 6 runners

Failed packages:  catSurv, rdist, saeRobust 

Skipped packages:  dynamichazard, growcurves, growfunctions, joineRML, miceadds, Morpho, mrgsolve, nlmixr, rFTRLProximal, riskRegression, RStoolbox, Rvcg, RxODE 

None still working

None still scheduled

Error summary:
     package missingPkg badInstall
1:   catSurv                 FALSE	OK: 135 SKIPPED: 0 FAILED: 21
2:     rdist                 FALSE	OK: 63 SKIPPED: 0 FAILED: 2
3: saeRobust                 FALSE	OK: 54 SKIPPED: 0 FAILED: 17
