Test of Rcpp 1.0.6.7.1 had 2197 successes, 58 failures, and 44 skipped packages. 
Ran from 2021-06-08 16:25:49.80 to 2021-06-09 19:24:02.43 for 1.124 days 
Average of 42.233 secs relative to 252.13 secs using 6 runners

Failed packages:  activegp, basad, bcf, biglasso, binnednp, blockmodels, compas, dfphase1, DGM, emIRT, EMVS, eulerr, facilitation, fasteraster, fctbases, fixest, FORTLS, frailtySurv, GAS, gcKrig, gfilmm, goffda, gppm, GWmodel, HDTSA, httpuv, huge, ideq, IFC, jackalope, lavacreg, ldsep, lolog, lpme, MAINT.Data, mcmcsae, mcmcse, medfate, metapack, minerva, MixMatrix, MSGARCH, multdyn, MultiFit, oce, OpenMx, parglm, partialCI, PoissonBinomial, PosteriorBootstrap, rcosmo, RobustGaSP, rpf, s2, sdetorus, serrsBayes, smam, supc 

Skipped packages:  BMTME, Crossover, DataVisualizations, dipsaus, dynamichazard, growfunctions, hBayesDM, IMaGES, joineRML, joinXL, KeyboardSimulator, kmcudaR, lime, lme4, mice, miceadds, mlr3proba, Morpho, mrgsolve, nlmixr, NPMLEmix, odpc, partialAR, pcalg, pccc, PLMIX, PReMiuM, RcppRedis, rDotNet, Rfast, riskRegression, RmixmodCombi, rmumps, RStoolbox, Rvcg, RxODE, sdcTable, sf, Signac, SmartSVA, sparkwarc, transport, warbleR, WGCNA 

None still working

None still scheduled

Error summary:
               package missingPkg badInstall error fail warn note ok hasOtherIssue
 1:           activegp                  TRUE     0    0    0    0 14         FALSE  known STRICT_R_HEADERS issue
 2:              basad                  TRUE     0    0    0    4 10         FALSE  known STRICT_R_HEADERS issue
 3:                bcf                  TRUE     0    0    0    0 14         FALSE  new: error: ‘PI’ was not declared in this scope
 4:           biglasso                  TRUE     0    0    0    1 13          TRUE  new: Calloc, Free
 5:           binnednp                  TRUE     0    0    0   13  1         FALSE  known STRICT_R_HEADERS issue
 6:        blockmodels                  TRUE     0    0    0    6  8         FALSE  new: error: ‘PI’ was not declared in this scope
 7:             compas                  TRUE     0    0    0    4 10         FALSE  known STRICT_R_HEADERS issue
 8:           dfphase1                  TRUE     0    0    0    0 14         FALSE  known STRICT_R_HEADERS issue
 9:                DGM                  TRUE     0    0    0    0 14         FALSE  new: error: ‘PI’ was not declared in this scope
10:              emIRT                  TRUE     0    0    0    6  8          TRUE  known STRICT_R_HEADERS issue
11:               EMVS                  TRUE     0    0    0    0 14         FALSE  new: error: ‘PI’ was not declared in this scope
12:             eulerr                  TRUE     0    0    0    3 11         FALSE  new: error: ‘PI’ was not declared in this scope
13:       facilitation                  TRUE     0    0    0    7  7         FALSE  known STRICT_R_HEADERS issue
14:        fasteraster                  TRUE     0    0    0    0 14         FALSE  known STRICT_R_HEADERS issue
15:           fctbases                  TRUE     0    0    0    0 14         FALSE  new: error: ‘PI’ was not declared in this scope
16:             fixest                  TRUE     0    0    0    8  6          TRUE  known STRICT_R_HEADERS issue
17:             FORTLS                  TRUE     1    0    0    3 10         FALSE  known STRICT_R_HEADERS issue
18:        frailtySurv                  TRUE     0    0    0    0 14         FALSE  known STRICT_R_HEADERS issue
19:                GAS                  TRUE     0    0    0    6  8         FALSE  new: error: ‘PI’ was not declared in this scope
20:             gcKrig                  TRUE     0    0    0    1 13         FALSE  new: error: ‘DOUBLE_EPS’ was not declared in this scope
21:             gfilmm                  TRUE     0    0    0    4 10         FALSE  new: error: ‘PI’ was not declared in this scope
22:             goffda                  TRUE     0    0    0    7  7         FALSE  new: error: ‘PI’ was not declared in this scope
23:               gppm                 FALSE     4    0    0    0 10         FALSE  unclear, internal floating error, happened before  
24:            GWmodel                  TRUE     0    0    0    6  8         FALSE  new: error: ‘DOUBLE_EPS’ was not declared in this scope
25:              HDTSA                  TRUE     0    0    0    3  9         FALSE  new: error: ‘PI’ was not declared in this scope
26:             httpuv                 FALSE     0    0    0   14  0         FALSE  unclear, segfault in test
27:               huge                  TRUE     0    0    0    4 10         FALSE  known STRICT_R_HEADERS issue
28:               ideq                  TRUE     0    0    0    4 10         FALSE  new: error: ‘PI’ was not declared in this scope
29:                IFC                  TRUE     0    0    0   14  0         FALSE  known STRICT_R_HEADERS issue
30:          jackalope                  TRUE     1    0    0   13  0         FALSE  new: error: ‘NULL_ENTRY’ does not name a type
31:           lavacreg                  TRUE     0    0    0    0 14         FALSE  known STRICT_R_HEADERS issue
32:              ldsep                  TRUE     0    0    0    4 10         FALSE  new: error: ‘DOUBLE_EPS’ was not declared in this scope
33:              lolog                 FALSE     8    0    3    3  0         FALSE  unclear, as.network error
34:               lpme                  TRUE     0    0    0    4 10         FALSE  new: error: ‘PI’ was not declared in this scope
35:         MAINT.Data                  TRUE     0    0    0    8  6         FALSE  new: error: ‘PI’ was not declared in this scope
36:            mcmcsae                  TRUE     0    0    0    4 10         FALSE  known STRICT_R_HEADERS issue
37:             mcmcse                  TRUE     0    0    0    0 14         FALSE  new: error: ‘PI’ was not declared in this scope
38:            medfate                  TRUE     0    0    0    6  8         FALSE  known STRICT_R_HEADERS issue
39:           metapack                  TRUE     0    0    0    6  8         FALSE  new: error: ‘DOUBLE_EPS’ was not declared in this scope
40:            minerva                  TRUE     0    0    0    0 14         FALSE  new: Calloc, Free
41:          MixMatrix                  TRUE     0    0    0   12  2         FALSE  known STRICT_R_HEADERS issue
42:            MSGARCH                  TRUE     0    0    0    7  7         FALSE  known STRICT_R_HEADERS issue
43:            multdyn                  TRUE     0    0    0    0 14         FALSE  known STRICT_R_HEADERS issue
44:           MultiFit                  TRUE     0    0    0    0 14         FALSE  new: error: ‘DOUBLE_XMIN’ was not declared in this scope
45:                oce                  TRUE     0    0    0    8  6         FALSE  known STRICT_R_HEADERS issue
46:             OpenMx                  TRUE     1    0    0    7  6          TRUE  known STRICT_R_HEADERS issue
47:             parglm                  TRUE     1    0    0   11  2         FALSE  new: error: ‘DOUBLE_EPS’ was not declared in this scope
48:          partialCI                  TRUE     0    0    0    0 14         FALSE  known STRICT_R_HEADERS issue
49:    PoissonBinomial                  TRUE     0    0    0    0 14         FALSE  known STRICT_R_HEADERS issue
50: PosteriorBootstrap                 FALSE     0    0    0    7  7         FALSE  known, likely internal
51:             rcosmo                  TRUE     0    0    0   12  2         FALSE  known STRICT_R_HEADERS issue
52:         RobustGaSP                  TRUE     0    0    0    4 10         FALSE  new: error: ‘PI’ was not declared in this scope
53:                rpf                  TRUE     1    0    0    4  9         FALSE  known STRICT_R_HEADERS issue
54:                 s2                  TRUE     1    0    0    8  5          TRUE  known STRICT_R_HEADERS issue
55:           sdetorus                  TRUE     0    0    0    4 10         FALSE  new: error: ‘PI’ was not declared in this scope
56:         serrsBayes                  TRUE     0    1    0    4  9         FALSE  new: error: ‘PI’ was not declared in this scope
57:               smam                  TRUE     0    0    0   14  0         FALSE  known STRICT_R_HEADERS issue
58:               supc                  TRUE     1    0    0    2 11         FALSE  known STRICT_R_HEADERS issue
               package missingPkg badInstall error fail warn note ok hasOtherIssue
